0 info it worked if it ends with ok
1 verbose cli [ 'D:\\Program Files\\nodejs\\node.exe',
1 verbose cli   'D:\\Program Files\\nodejs\\node_modules\\npm\\bin\\npm-cli.js',
1 verbose cli   'install',
1 verbose cli   '--save-dev',
1 verbose cli   'webworker-threads' ]
2 info using npm@3.10.10
3 info using node@v6.10.2
4 silly loadCurrentTree Starting
5 silly install loadCurrentTree
6 silly install readLocalPackageData
7 silly fetchPackageMetaData webworker-threads
8 silly fetchNamedPackageData webworker-threads
9 silly mapToRegistry name webworker-threads
10 silly mapToRegistry using default registry
11 silly mapToRegistry registry https://registry.npmjs.org/
12 silly mapToRegistry data Result {
12 silly mapToRegistry   raw: 'webworker-threads',
12 silly mapToRegistry   scope: null,
12 silly mapToRegistry   escapedName: 'webworker-threads',
12 silly mapToRegistry   name: 'webworker-threads',
12 silly mapToRegistry   rawSpec: '',
12 silly mapToRegistry   spec: 'latest',
12 silly mapToRegistry   type: 'tag' }
13 silly mapToRegistry uri https://registry.npmjs.org/webworker-threads
14 verbose request uri https://registry.npmjs.org/webworker-threads
15 verbose request no auth needed
16 info attempt registry request try #1 at 21:46:35
17 verbose request id 3f9d7669d5e68fed
18 verbose etag W/"59103a90-200a2"
19 verbose lastModified Mon, 08 May 2017 09:29:52 GMT
20 http request GET https://registry.npmjs.org/webworker-threads
21 http 304 https://registry.npmjs.org/webworker-threads
22 verbose headers { date: 'Mon, 22 May 2017 19:46:37 GMT',
22 verbose headers   via: '1.1 varnish',
22 verbose headers   'cache-control': 'max-age=300',
22 verbose headers   etag: 'W/"59103a90-200a2"',
22 verbose headers   age: '166',
22 verbose headers   connection: 'keep-alive',
22 verbose headers   'x-served-by': 'cache-hhn1523-HHN',
22 verbose headers   'x-cache': 'HIT',
22 verbose headers   'x-cache-hits': '1',
22 verbose headers   'x-timer': 'S1495482397.012177,VS0,VE0',
22 verbose headers   vary: 'Accept-Encoding' }
23 silly get cb [ 304,
23 silly get   { date: 'Mon, 22 May 2017 19:46:37 GMT',
23 silly get     via: '1.1 varnish',
23 silly get     'cache-control': 'max-age=300',
23 silly get     etag: 'W/"59103a90-200a2"',
23 silly get     age: '166',
23 silly get     connection: 'keep-alive',
23 silly get     'x-served-by': 'cache-hhn1523-HHN',
23 silly get     'x-cache': 'HIT',
23 silly get     'x-cache-hits': '1',
23 silly get     'x-timer': 'S1495482397.012177,VS0,VE0',
23 silly get     vary: 'Accept-Encoding' } ]
24 verbose etag https://registry.npmjs.org/webworker-threads from cache
25 verbose get saving webworker-threads to C:\Users\kanga\AppData\Roaming\npm-cache\registry.npmjs.org\webworker-threads\.cache.json
26 verbose correctMkdir C:\Users\kanga\AppData\Roaming\npm-cache correctMkdir not in flight; initializing
27 silly install normalizeTree
28 silly loadCurrentTree Finishing
29 silly loadIdealTree Starting
30 silly install loadIdealTree
31 silly cloneCurrentTree Starting
32 silly install cloneCurrentTreeToIdealTree
33 silly cloneCurrentTree Finishing
34 silly loadShrinkwrap Starting
35 silly install loadShrinkwrap
36 silly loadShrinkwrap Finishing
37 silly loadAllDepsIntoIdealTree Starting
38 silly install loadAllDepsIntoIdealTree
39 silly resolveWithNewModule webworker-threads@0.7.11 checking installable status
40 silly cache add args [ 'webworker-threads', null ]
41 verbose cache add spec webworker-threads
42 silly cache add parsed spec Result {
42 silly cache add   raw: 'webworker-threads',
42 silly cache add   scope: null,
42 silly cache add   escapedName: 'webworker-threads',
42 silly cache add   name: 'webworker-threads',
42 silly cache add   rawSpec: '',
42 silly cache add   spec: 'latest',
42 silly cache add   type: 'tag' }
43 silly addNamed webworker-threads@latest
44 verbose addNamed "latest" is being treated as a dist-tag for webworker-threads
45 info addNameTag [ 'webworker-threads', 'latest' ]
46 silly mapToRegistry name webworker-threads
47 silly mapToRegistry using default registry
48 silly mapToRegistry registry https://registry.npmjs.org/
49 silly mapToRegistry data Result {
49 silly mapToRegistry   raw: 'webworker-threads',
49 silly mapToRegistry   scope: null,
49 silly mapToRegistry   escapedName: 'webworker-threads',
49 silly mapToRegistry   name: 'webworker-threads',
49 silly mapToRegistry   rawSpec: '',
49 silly mapToRegistry   spec: 'latest',
49 silly mapToRegistry   type: 'tag' }
50 silly mapToRegistry uri https://registry.npmjs.org/webworker-threads
51 verbose addNameTag registry:https://registry.npmjs.org/webworker-threads not in flight; fetching
52 verbose get https://registry.npmjs.org/webworker-threads not expired, no request
53 silly addNameTag next cb for webworker-threads with tag latest
54 silly addNamed webworker-threads@0.7.11
55 verbose addNamed "0.7.11" is a plain semver version for webworker-threads
56 silly cache afterAdd webworker-threads@0.7.11
57 verbose afterAdd C:\Users\kanga\AppData\Roaming\npm-cache\webworker-threads\0.7.11\package\package.json not in flight; writing
58 verbose correctMkdir C:\Users\kanga\AppData\Roaming\npm-cache correctMkdir not in flight; initializing
59 verbose afterAdd C:\Users\kanga\AppData\Roaming\npm-cache\webworker-threads\0.7.11\package\package.json written
60 silly fetchNamedPackageData bindings
61 silly mapToRegistry name bindings
62 silly mapToRegistry using default registry
63 silly mapToRegistry registry https://registry.npmjs.org/
64 silly mapToRegistry data Result {
64 silly mapToRegistry   raw: 'bindings',
64 silly mapToRegistry   scope: null,
64 silly mapToRegistry   escapedName: 'bindings',
64 silly mapToRegistry   name: 'bindings',
64 silly mapToRegistry   rawSpec: '',
64 silly mapToRegistry   spec: 'latest',
64 silly mapToRegistry   type: 'tag' }
65 silly mapToRegistry uri https://registry.npmjs.org/bindings
66 silly fetchNamedPackageData nan
67 silly mapToRegistry name nan
68 silly mapToRegistry using default registry
69 silly mapToRegistry registry https://registry.npmjs.org/
70 silly mapToRegistry data Result {
70 silly mapToRegistry   raw: 'nan',
70 silly mapToRegistry   scope: null,
70 silly mapToRegistry   escapedName: 'nan',
70 silly mapToRegistry   name: 'nan',
70 silly mapToRegistry   rawSpec: '',
70 silly mapToRegistry   spec: 'latest',
70 silly mapToRegistry   type: 'tag' }
71 silly mapToRegistry uri https://registry.npmjs.org/nan
72 verbose request uri https://registry.npmjs.org/bindings
73 verbose request no auth needed
74 info attempt registry request try #1 at 21:46:35
75 verbose etag W/"580645d3-46f7"
76 verbose lastModified Tue, 18 Oct 2016 15:54:59 GMT
77 http request GET https://registry.npmjs.org/bindings
78 verbose request uri https://registry.npmjs.org/nan
79 verbose request no auth needed
80 info attempt registry request try #1 at 21:46:35
81 verbose etag W/"591906db-1f9db"
82 verbose lastModified Mon, 15 May 2017 01:39:39 GMT
83 http request GET https://registry.npmjs.org/nan
84 http 304 https://registry.npmjs.org/bindings
85 verbose headers { date: 'Mon, 22 May 2017 19:46:37 GMT',
85 verbose headers   via: '1.1 varnish',
85 verbose headers   'cache-control': 'max-age=300',
85 verbose headers   etag: 'W/"580645d3-46f7"',
85 verbose headers   age: '108',
85 verbose headers   connection: 'keep-alive',
85 verbose headers   'x-served-by': 'cache-hhn1523-HHN',
85 verbose headers   'x-cache': 'HIT',
85 verbose headers   'x-cache-hits': '2',
85 verbose headers   'x-timer': 'S1495482397.322825,VS0,VE0',
85 verbose headers   vary: 'Accept-Encoding' }
86 silly get cb [ 304,
86 silly get   { date: 'Mon, 22 May 2017 19:46:37 GMT',
86 silly get     via: '1.1 varnish',
86 silly get     'cache-control': 'max-age=300',
86 silly get     etag: 'W/"580645d3-46f7"',
86 silly get     age: '108',
86 silly get     connection: 'keep-alive',
86 silly get     'x-served-by': 'cache-hhn1523-HHN',
86 silly get     'x-cache': 'HIT',
86 silly get     'x-cache-hits': '2',
86 silly get     'x-timer': 'S1495482397.322825,VS0,VE0',
86 silly get     vary: 'Accept-Encoding' } ]
87 verbose etag https://registry.npmjs.org/bindings from cache
88 verbose get saving bindings to C:\Users\kanga\AppData\Roaming\npm-cache\registry.npmjs.org\bindings\.cache.json
89 verbose correctMkdir C:\Users\kanga\AppData\Roaming\npm-cache correctMkdir not in flight; initializing
90 silly resolveWithNewModule bindings@1.2.1 checking installable status
91 silly cache add args [ 'bindings@^1.2.1', null ]
92 verbose cache add spec bindings@^1.2.1
93 silly cache add parsed spec Result {
93 silly cache add   raw: 'bindings@^1.2.1',
93 silly cache add   scope: null,
93 silly cache add   escapedName: 'bindings',
93 silly cache add   name: 'bindings',
93 silly cache add   rawSpec: '^1.2.1',
93 silly cache add   spec: '>=1.2.1 <2.0.0',
93 silly cache add   type: 'range' }
94 silly addNamed bindings@>=1.2.1 <2.0.0
95 verbose addNamed ">=1.2.1 <2.0.0" is a valid semver range for bindings
96 silly addNameRange { name: 'bindings', range: '>=1.2.1 <2.0.0', hasData: false }
97 silly mapToRegistry name bindings
98 silly mapToRegistry using default registry
99 silly mapToRegistry registry https://registry.npmjs.org/
100 silly mapToRegistry data Result {
100 silly mapToRegistry   raw: 'bindings',
100 silly mapToRegistry   scope: null,
100 silly mapToRegistry   escapedName: 'bindings',
100 silly mapToRegistry   name: 'bindings',
100 silly mapToRegistry   rawSpec: '',
100 silly mapToRegistry   spec: 'latest',
100 silly mapToRegistry   type: 'tag' }
101 silly mapToRegistry uri https://registry.npmjs.org/bindings
102 verbose addNameRange registry:https://registry.npmjs.org/bindings not in flight; fetching
103 verbose get https://registry.npmjs.org/bindings not expired, no request
104 silly addNameRange number 2 { name: 'bindings', range: '>=1.2.1 <2.0.0', hasData: true }
105 silly addNameRange versions [ 'bindings',
105 silly addNameRange   [ '0.0.1',
105 silly addNameRange     '0.1.0',
105 silly addNameRange     '0.1.1',
105 silly addNameRange     '0.2.0',
105 silly addNameRange     '0.2.1',
105 silly addNameRange     '0.2.2',
105 silly addNameRange     '0.2.3',
105 silly addNameRange     '0.2.4',
105 silly addNameRange     '0.3.0',
105 silly addNameRange     '0.4.0',
105 silly addNameRange     '1.0.0',
105 silly addNameRange     '1.1.0',
105 silly addNameRange     '1.1.1',
105 silly addNameRange     '1.2.0',
105 silly addNameRange     '1.2.1' ] ]
106 silly addNamed bindings@1.2.1
107 verbose addNamed "1.2.1" is a plain semver version for bindings
108 silly cache afterAdd bindings@1.2.1
109 verbose afterAdd C:\Users\kanga\AppData\Roaming\npm-cache\bindings\1.2.1\package\package.json not in flight; writing
110 verbose correctMkdir C:\Users\kanga\AppData\Roaming\npm-cache correctMkdir not in flight; initializing
111 verbose afterAdd C:\Users\kanga\AppData\Roaming\npm-cache\bindings\1.2.1\package\package.json written
112 http 304 https://registry.npmjs.org/nan
113 verbose headers { date: 'Mon, 22 May 2017 19:46:37 GMT',
113 verbose headers   via: '1.1 varnish',
113 verbose headers   'cache-control': 'max-age=300',
113 verbose headers   etag: 'W/"591906db-1f9db"',
113 verbose headers   age: '166',
113 verbose headers   connection: 'keep-alive',
113 verbose headers   'x-served-by': 'cache-hhn1541-HHN',
113 verbose headers   'x-cache': 'HIT',
113 verbose headers   'x-cache-hits': '3',
113 verbose headers   'x-timer': 'S1495482397.377953,VS0,VE0',
113 verbose headers   vary: 'Accept-Encoding' }
114 silly get cb [ 304,
114 silly get   { date: 'Mon, 22 May 2017 19:46:37 GMT',
114 silly get     via: '1.1 varnish',
114 silly get     'cache-control': 'max-age=300',
114 silly get     etag: 'W/"591906db-1f9db"',
114 silly get     age: '166',
114 silly get     connection: 'keep-alive',
114 silly get     'x-served-by': 'cache-hhn1541-HHN',
114 silly get     'x-cache': 'HIT',
114 silly get     'x-cache-hits': '3',
114 silly get     'x-timer': 'S1495482397.377953,VS0,VE0',
114 silly get     vary: 'Accept-Encoding' } ]
115 verbose etag https://registry.npmjs.org/nan from cache
116 verbose get saving nan to C:\Users\kanga\AppData\Roaming\npm-cache\registry.npmjs.org\nan\.cache.json
117 verbose correctMkdir C:\Users\kanga\AppData\Roaming\npm-cache correctMkdir not in flight; initializing
118 silly resolveWithNewModule nan@2.6.2 checking installable status
119 silly cache add args [ 'nan@^2.4.0', null ]
120 verbose cache add spec nan@^2.4.0
121 silly cache add parsed spec Result {
121 silly cache add   raw: 'nan@^2.4.0',
121 silly cache add   scope: null,
121 silly cache add   escapedName: 'nan',
121 silly cache add   name: 'nan',
121 silly cache add   rawSpec: '^2.4.0',
121 silly cache add   spec: '>=2.4.0 <3.0.0',
121 silly cache add   type: 'range' }
122 silly addNamed nan@>=2.4.0 <3.0.0
123 verbose addNamed ">=2.4.0 <3.0.0" is a valid semver range for nan
124 silly addNameRange { name: 'nan', range: '>=2.4.0 <3.0.0', hasData: false }
125 silly mapToRegistry name nan
126 silly mapToRegistry using default registry
127 silly mapToRegistry registry https://registry.npmjs.org/
128 silly mapToRegistry data Result {
128 silly mapToRegistry   raw: 'nan',
128 silly mapToRegistry   scope: null,
128 silly mapToRegistry   escapedName: 'nan',
128 silly mapToRegistry   name: 'nan',
128 silly mapToRegistry   rawSpec: '',
128 silly mapToRegistry   spec: 'latest',
128 silly mapToRegistry   type: 'tag' }
129 silly mapToRegistry uri https://registry.npmjs.org/nan
130 verbose addNameRange registry:https://registry.npmjs.org/nan not in flight; fetching
131 verbose get https://registry.npmjs.org/nan not expired, no request
132 silly addNameRange number 2 { name: 'nan', range: '>=2.4.0 <3.0.0', hasData: true }
133 silly addNameRange versions [ 'nan',
133 silly addNameRange   [ '0.3.0-wip',
133 silly addNameRange     '0.3.0-wip2',
133 silly addNameRange     '0.3.0',
133 silly addNameRange     '0.3.1',
133 silly addNameRange     '0.3.2',
133 silly addNameRange     '0.4.0',
133 silly addNameRange     '0.4.1',
133 silly addNameRange     '0.4.2',
133 silly addNameRange     '0.4.3',
133 silly addNameRange     '0.4.4',
133 silly addNameRange     '0.5.0',
133 silly addNameRange     '0.5.1',
133 silly addNameRange     '0.5.2',
133 silly addNameRange     '0.6.0',
133 silly addNameRange     '0.7.0',
133 silly addNameRange     '0.7.1',
133 silly addNameRange     '0.8.0',
133 silly addNameRange     '1.0.0',
133 silly addNameRange     '1.1.0',
133 silly addNameRange     '1.1.1',
133 silly addNameRange     '1.1.2',
133 silly addNameRange     '1.2.0',
133 silly addNameRange     '1.3.0',
133 silly addNameRange     '1.4.0',
133 silly addNameRange     '1.4.1',
133 silly addNameRange     '1.5.0',
133 silly addNameRange     '1.4.2',
133 silly addNameRange     '1.4.3',
133 silly addNameRange     '1.5.1',
133 silly addNameRange     '1.5.2',
133 silly addNameRange     '1.6.0',
133 silly addNameRange     '1.5.3',
133 silly addNameRange     '1.6.1',
133 silly addNameRange     '1.6.2',
133 silly addNameRange     '1.7.0',
133 silly addNameRange     '1.8.0',
133 silly addNameRange     '1.8.1',
133 silly addNameRange     '1.8.2',
133 silly addNameRange     '1.8.3',
133 silly addNameRange     '1.8.4',
133 silly addNameRange     '1.9.0',
133 silly addNameRange     '2.0.0',
133 silly addNameRange     '2.0.1',
133 silly addNameRange     '2.0.2',
133 silly addNameRange     '2.0.3',
133 silly addNameRange     '2.0.4',
133 silly addNameRange     '2.0.5',
133 silly addNameRange     '2.0.6',
133 silly addNameRange     '2.0.7',
133 silly addNameRange     '2.0.8',
133 silly addNameRange     '2.0.9',
133 silly addNameRange     '2.1.0',
133 silly addNameRange     '2.2.0',
133 silly addNameRange     '2.2.1',
133 silly addNameRange     '2.3.0',
133 silly addNameRange     '2.3.1',
133 silly addNameRange     '2.3.2',
133 silly addNameRange     '2.3.3',
133 silly addNameRange     '2.3.4',
133 silly addNameRange     '2.3.5',
133 silly addNameRange     '2.4.0',
133 silly addNameRange     '2.5.0',
133 silly addNameRange     '2.5.1',
133 silly addNameRange     '2.6.0',
133 silly addNameRange     '2.6.1',
133 silly addNameRange     '2.6.2' ] ]
134 silly addNamed nan@2.6.2
135 verbose addNamed "2.6.2" is a plain semver version for nan
136 silly cache afterAdd nan@2.6.2
137 verbose afterAdd C:\Users\kanga\AppData\Roaming\npm-cache\nan\2.6.2\package\package.json not in flight; writing
138 verbose correctMkdir C:\Users\kanga\AppData\Roaming\npm-cache correctMkdir not in flight; initializing
139 verbose afterAdd C:\Users\kanga\AppData\Roaming\npm-cache\nan\2.6.2\package\package.json written
140 silly fetchNamedPackageData fsevents
141 silly mapToRegistry name fsevents
142 silly mapToRegistry using default registry
143 silly mapToRegistry registry https://registry.npmjs.org/
144 silly mapToRegistry data Result {
144 silly mapToRegistry   raw: 'fsevents',
144 silly mapToRegistry   scope: null,
144 silly mapToRegistry   escapedName: 'fsevents',
144 silly mapToRegistry   name: 'fsevents',
144 silly mapToRegistry   rawSpec: '',
144 silly mapToRegistry   spec: 'latest',
144 silly mapToRegistry   type: 'tag' }
145 silly mapToRegistry uri https://registry.npmjs.org/fsevents
146 verbose request uri https://registry.npmjs.org/fsevents
147 verbose request no auth needed
148 info attempt registry request try #1 at 21:46:36
149 verbose etag W/"591c7655-d5f5"
150 verbose lastModified Wed, 17 May 2017 16:12:05 GMT
151 http request GET https://registry.npmjs.org/fsevents
152 http 304 https://registry.npmjs.org/fsevents
153 verbose headers { date: 'Mon, 22 May 2017 19:46:37 GMT',
153 verbose headers   via: '1.1 varnish',
153 verbose headers   'cache-control': 'max-age=300',
153 verbose headers   etag: 'W/"591c7655-d5f5"',
153 verbose headers   age: '20',
153 verbose headers   connection: 'keep-alive',
153 verbose headers   'x-served-by': 'cache-hhn1523-HHN',
153 verbose headers   'x-cache': 'HIT',
153 verbose headers   'x-cache-hits': '1',
153 verbose headers   'x-timer': 'S1495482398.594995,VS0,VE0',
153 verbose headers   vary: 'Accept-Encoding' }
154 silly get cb [ 304,
154 silly get   { date: 'Mon, 22 May 2017 19:46:37 GMT',
154 silly get     via: '1.1 varnish',
154 silly get     'cache-control': 'max-age=300',
154 silly get     etag: 'W/"591c7655-d5f5"',
154 silly get     age: '20',
154 silly get     connection: 'keep-alive',
154 silly get     'x-served-by': 'cache-hhn1523-HHN',
154 silly get     'x-cache': 'HIT',
154 silly get     'x-cache-hits': '1',
154 silly get     'x-timer': 'S1495482398.594995,VS0,VE0',
154 silly get     vary: 'Accept-Encoding' } ]
155 verbose etag https://registry.npmjs.org/fsevents from cache
156 verbose get saving fsevents to C:\Users\kanga\AppData\Roaming\npm-cache\registry.npmjs.org\fsevents\.cache.json
157 verbose correctMkdir C:\Users\kanga\AppData\Roaming\npm-cache correctMkdir not in flight; initializing
158 silly resolveWithNewModule fsevents@1.1.1 checking installable status
159 silly loadAllDepsIntoIdealTree Finishing
160 silly loadIdealTree Finishing
161 silly currentTree my-game@1.0.0
161 silly currentTree +-- @types/node@7.0.18
161 silly currentTree +-- @types/three@0.84.7
161 silly currentTree +-- @types/webvr-api@0.0.31
161 silly currentTree +-- acorn-dynamic-import@2.0.2
161 silly currentTree | `-- acorn@4.0.11
161 silly currentTree +-- acorn@5.0.3
161 silly currentTree +-- ajv-keywords@1.5.1
161 silly currentTree +-- ajv@4.11.8
161 silly currentTree +-- align-text@0.1.4
161 silly currentTree +-- amdefine@1.0.1
161 silly currentTree +-- ansi-regex@2.1.1
161 silly currentTree +-- anymatch@1.3.0
161 silly currentTree +-- arr-diff@2.0.0
161 silly currentTree +-- arr-flatten@1.0.3
161 silly currentTree +-- array-unique@0.2.1
161 silly currentTree +-- arrify@1.0.1
161 silly currentTree +-- asn1.js@4.9.1
161 silly currentTree +-- assert@1.4.1
161 silly currentTree +-- async-each@1.0.1
161 silly currentTree +-- async@2.4.0
161 silly currentTree +-- balanced-match@0.4.2
161 silly currentTree +-- base64-js@1.2.0
161 silly currentTree +-- big.js@3.1.3
161 silly currentTree +-- binary-extensions@1.8.0
161 silly currentTree +-- bluebird@3.5.0
161 silly currentTree +-- bn.js@4.11.6
161 silly currentTree +-- boolbase@1.0.0
161 silly currentTree +-- brace-expansion@1.1.7
161 silly currentTree +-- braces@1.8.5
161 silly currentTree +-- brorand@1.1.0
161 silly currentTree +-- browserify-aes@1.0.6
161 silly currentTree +-- browserify-cipher@1.0.0
161 silly currentTree +-- browserify-des@1.0.0
161 silly currentTree +-- browserify-rsa@4.0.1
161 silly currentTree +-- browserify-sign@4.0.4
161 silly currentTree +-- browserify-zlib@0.1.4
161 silly currentTree +-- buffer-shims@1.0.0
161 silly currentTree +-- buffer-xor@1.0.3
161 silly currentTree +-- buffer@4.9.1
161 silly currentTree +-- builtin-modules@1.1.1
161 silly currentTree +-- builtin-status-codes@3.0.0
161 silly currentTree +-- camel-case@3.0.0
161 silly currentTree +-- camelcase@1.2.1
161 silly currentTree +-- center-align@0.1.3
161 silly currentTree +-- chokidar@1.7.0
161 silly currentTree +-- cipher-base@1.0.3
161 silly currentTree +-- clean-css@4.0.11
161 silly currentTree +-- cliui@2.1.0
161 silly currentTree +-- co@4.6.0
161 silly currentTree +-- code-point-at@1.1.0
161 silly currentTree +-- colors@1.1.2
161 silly currentTree +-- commander@2.9.0
161 silly currentTree +-- concat-map@0.0.1
161 silly currentTree +-- console-browserify@1.1.0
161 silly currentTree +-- constants-browserify@1.0.0
161 silly currentTree +-- core-util-is@1.0.2
161 silly currentTree +-- create-ecdh@4.0.0
161 silly currentTree +-- create-hash@1.1.3
161 silly currentTree +-- create-hmac@1.1.6
161 silly currentTree +-- crypto-browserify@3.11.0
161 silly currentTree +-- css-select@1.2.0
161 silly currentTree +-- css-what@2.1.0
161 silly currentTree +-- date-now@0.1.4
161 silly currentTree +-- decamelize@1.2.0
161 silly currentTree +-- des.js@1.0.0
161 silly currentTree +-- diffie-hellman@5.0.2
161 silly currentTree +-- dom-converter@0.1.4
161 silly currentTree | `-- utila@0.3.3
161 silly currentTree +-- dom-serializer@0.1.0
161 silly currentTree | `-- domelementtype@1.1.3
161 silly currentTree +-- domain-browser@1.1.7
161 silly currentTree +-- domelementtype@1.3.0
161 silly currentTree +-- domhandler@2.1.0
161 silly currentTree +-- domutils@1.5.1
161 silly currentTree +-- elliptic@6.4.0
161 silly currentTree +-- emojis-list@2.1.0
161 silly currentTree +-- enhanced-resolve@3.1.0
161 silly currentTree +-- entities@1.1.1
161 silly currentTree +-- errno@0.1.4
161 silly currentTree +-- error-ex@1.3.1
161 silly currentTree +-- events@1.1.1
161 silly currentTree +-- evp_bytestokey@1.0.0
161 silly currentTree +-- expand-brackets@0.1.5
161 silly currentTree +-- expand-range@1.8.2
161 silly currentTree +-- extglob@0.3.2
161 silly currentTree +-- filename-regex@2.0.1
161 silly currentTree +-- fill-range@2.2.3
161 silly currentTree +-- find-up@1.1.2
161 silly currentTree +-- for-in@1.0.2
161 silly currentTree +-- for-own@0.1.5
161 silly currentTree +-- get-caller-file@1.0.2
161 silly currentTree +-- glob-base@0.3.0
161 silly currentTree +-- glob-parent@2.0.0
161 silly currentTree +-- graceful-fs@4.1.11
161 silly currentTree +-- graceful-readlink@1.0.1
161 silly currentTree +-- has-flag@1.0.0
161 silly currentTree +-- hash-base@2.0.2
161 silly currentTree +-- hash.js@1.0.3
161 silly currentTree +-- he@1.1.1
161 silly currentTree +-- hmac-drbg@1.0.1
161 silly currentTree +-- hosted-git-info@2.4.2
161 silly currentTree +-- html-minifier@3.4.3
161 silly currentTree | +-- uglify-js@2.8.22
161 silly currentTree | `-- yargs@3.10.0
161 silly currentTree +-- html-webpack-plugin@2.28.0
161 silly currentTree | `-- loader-utils@0.2.17
161 silly currentTree +-- htmlparser2@3.3.0
161 silly currentTree | +-- domutils@1.1.6
161 silly currentTree | +-- isarray@0.0.1
161 silly currentTree | +-- readable-stream@1.0.34
161 silly currentTree | `-- string_decoder@0.10.31
161 silly currentTree +-- https-browserify@0.0.1
161 silly currentTree +-- ieee754@1.1.8
161 silly currentTree +-- indexof@0.0.1
161 silly currentTree +-- inherits@2.0.3
161 silly currentTree +-- interpret@1.0.3
161 silly currentTree +-- invert-kv@1.0.0
161 silly currentTree +-- is-arrayish@0.2.1
161 silly currentTree +-- is-binary-path@1.0.1
161 silly currentTree +-- is-buffer@1.1.5
161 silly currentTree +-- is-builtin-module@1.0.0
161 silly currentTree +-- is-dotfile@1.0.2
161 silly currentTree +-- is-equal-shallow@0.1.3
161 silly currentTree +-- is-extendable@0.1.1
161 silly currentTree +-- is-extglob@1.0.0
161 silly currentTree +-- is-fullwidth-code-point@1.0.0
161 silly currentTree +-- is-glob@2.0.1
161 silly currentTree +-- is-number@2.1.0
161 silly currentTree +-- is-posix-bracket@0.1.1
161 silly currentTree +-- is-primitive@2.0.0
161 silly currentTree +-- is-utf8@0.2.1
161 silly currentTree +-- isarray@1.0.0
161 silly currentTree +-- isobject@2.1.0
161 silly currentTree +-- json-loader@0.5.4
161 silly currentTree +-- json-stable-stringify@1.0.1
161 silly currentTree +-- json5@0.5.1
161 silly currentTree +-- jsonify@0.0.0
161 silly currentTree +-- kind-of@3.1.0
161 silly currentTree +-- lazy-cache@1.0.4
161 silly currentTree +-- lcid@1.0.0
161 silly currentTree +-- load-json-file@1.1.0
161 silly currentTree +-- loader-runner@2.3.0
161 silly currentTree +-- loader-utils@1.1.0
161 silly currentTree +-- lodash@4.17.4
161 silly currentTree +-- longest@1.0.1
161 silly currentTree +-- lower-case@1.1.4
161 silly currentTree +-- memory-fs@0.4.1
161 silly currentTree +-- micromatch@2.3.11
161 silly currentTree +-- miller-rabin@4.0.0
161 silly currentTree +-- minimalistic-assert@1.0.0
161 silly currentTree +-- minimalistic-crypto-utils@1.0.1
161 silly currentTree +-- minimatch@3.0.4
161 silly currentTree +-- minimist@0.0.8
161 silly currentTree +-- mkdirp@0.5.1
161 silly currentTree +-- ncname@1.0.0
161 silly currentTree +-- no-case@2.3.1
161 silly currentTree +-- node-libs-browser@2.0.0
161 silly currentTree | `-- string_decoder@0.10.31
161 silly currentTree +-- normalize-package-data@2.3.8
161 silly currentTree +-- normalize-path@2.1.1
161 silly currentTree +-- nth-check@1.0.1
161 silly currentTree +-- number-is-nan@1.0.1
161 silly currentTree +-- object-assign@4.1.1
161 silly currentTree +-- object.omit@2.0.1
161 silly currentTree +-- os-browserify@0.2.1
161 silly currentTree +-- os-locale@1.4.0
161 silly currentTree +-- pako@0.2.9
161 silly currentTree +-- param-case@2.1.1
161 silly currentTree +-- parse-asn1@5.1.0
161 silly currentTree +-- parse-glob@3.0.4
161 silly currentTree +-- parse-json@2.2.0
161 silly currentTree +-- path-browserify@0.0.0
161 silly currentTree +-- path-exists@2.1.0
161 silly currentTree +-- path-is-absolute@1.0.1
161 silly currentTree +-- path-type@1.1.0
161 silly currentTree +-- pbkdf2@3.0.12
161 silly currentTree +-- pify@2.3.0
161 silly currentTree +-- pinkie-promise@2.0.1
161 silly currentTree +-- pinkie@2.0.4
161 silly currentTree +-- preserve@0.2.0
161 silly currentTree +-- pretty-error@2.1.0
161 silly currentTree +-- process-nextick-args@1.0.7
161 silly currentTree +-- process@0.11.10
161 silly currentTree +-- prr@0.0.0
161 silly currentTree +-- public-encrypt@4.0.0
161 silly currentTree +-- punycode@1.4.1
161 silly currentTree +-- querystring-es3@0.2.1
161 silly currentTree +-- querystring@0.2.0
161 silly currentTree +-- randomatic@1.1.6
161 silly currentTree +-- randombytes@2.0.3
161 silly currentTree +-- read-pkg-up@1.0.1
161 silly currentTree +-- read-pkg@1.1.0
161 silly currentTree +-- readable-stream@2.2.8
161 silly currentTree +-- readdirp@2.1.0
161 silly currentTree +-- regex-cache@0.4.3
161 silly currentTree +-- relateurl@0.2.7
161 silly currentTree +-- remove-trailing-separator@1.0.1
161 silly currentTree +-- renderkid@2.0.1
161 silly currentTree | `-- utila@0.3.3
161 silly currentTree +-- repeat-element@1.1.2
161 silly currentTree +-- repeat-string@1.6.1
161 silly currentTree +-- require-directory@2.1.1
161 silly currentTree +-- require-main-filename@1.0.1
161 silly currentTree +-- right-align@0.1.3
161 silly currentTree +-- ripemd160@2.0.1
161 silly currentTree +-- safe-buffer@5.0.1
161 silly currentTree +-- semver@5.3.0
161 silly currentTree +-- set-blocking@2.0.0
161 silly currentTree +-- set-immediate-shim@1.0.1
161 silly currentTree +-- setimmediate@1.0.5
161 silly currentTree +-- sha.js@2.4.8
161 silly currentTree +-- simplex-noise@2.3.0
161 silly currentTree +-- source-list-map@1.1.2
161 silly currentTree +-- source-map-loader@0.2.1
161 silly currentTree | +-- async@0.9.2
161 silly currentTree | +-- loader-utils@0.2.17
161 silly currentTree | `-- source-map@0.1.43
161 silly currentTree +-- source-map@0.5.6
161 silly currentTree +-- spdx-correct@1.0.2
161 silly currentTree +-- spdx-expression-parse@1.0.4
161 silly currentTree +-- spdx-license-ids@1.2.2
161 silly currentTree +-- stream-browserify@2.0.1
161 silly currentTree +-- stream-http@2.7.1
161 silly currentTree +-- string_decoder@1.0.0
161 silly currentTree +-- string-width@1.0.2
161 silly currentTree +-- strip-ansi@3.0.1
161 silly currentTree +-- strip-bom@2.0.0
161 silly currentTree +-- supports-color@3.2.3
161 silly currentTree +-- tapable@0.2.6
161 silly currentTree +-- three-copyshader@0.0.1
161 silly currentTree +-- three-effectcomposer@0.0.1
161 silly currentTree +-- three@0.85.2
161 silly currentTree +-- timers-browserify@2.0.2
161 silly currentTree +-- to-arraybuffer@1.0.1
161 silly currentTree +-- toposort@1.0.3
161 silly currentTree +-- ts-loader@2.0.3
161 silly currentTree +-- tty-browserify@0.0.0
161 silly currentTree +-- typescript@2.3.2
161 silly currentTree +-- uglify-js@2.8.26
161 silly currentTree | `-- yargs@3.10.0
161 silly currentTree +-- uglify-to-browserify@1.0.2
161 silly currentTree +-- upper-case@1.1.3
161 silly currentTree +-- url@0.11.0
161 silly currentTree | `-- punycode@1.3.2
161 silly currentTree +-- util-deprecate@1.0.2
161 silly currentTree +-- util@0.10.3
161 silly currentTree | `-- inherits@2.0.1
161 silly currentTree +-- utila@0.4.0
161 silly currentTree +-- validate-npm-package-license@3.0.1
161 silly currentTree +-- vm-browserify@0.0.4
161 silly currentTree +-- watchpack@1.3.1
161 silly currentTree +-- webpack-sources@0.2.3
161 silly currentTree +-- webpack@2.5.1
161 silly currentTree | `-- loader-utils@0.2.17
161 silly currentTree +-- which-module@1.0.0
161 silly currentTree +-- window-size@0.1.0
161 silly currentTree +-- wordwrap@0.0.2
161 silly currentTree +-- wrap-ansi@2.1.0
161 silly currentTree +-- xml-char-classes@1.0.0
161 silly currentTree +-- xtend@4.0.1
161 silly currentTree +-- y18n@3.2.1
161 silly currentTree +-- yargs-parser@4.2.1
161 silly currentTree | `-- camelcase@3.0.0
161 silly currentTree `-- yargs@6.6.0
161 silly currentTree   +-- camelcase@3.0.0
161 silly currentTree   `-- cliui@3.2.0
162 silly idealTree my-game@1.0.0
162 silly idealTree +-- @types/node@7.0.18
162 silly idealTree +-- @types/three@0.84.7
162 silly idealTree +-- @types/webvr-api@0.0.31
162 silly idealTree +-- acorn-dynamic-import@2.0.2
162 silly idealTree | `-- acorn@4.0.11
162 silly idealTree +-- acorn@5.0.3
162 silly idealTree +-- ajv-keywords@1.5.1
162 silly idealTree +-- ajv@4.11.8
162 silly idealTree +-- align-text@0.1.4
162 silly idealTree +-- amdefine@1.0.1
162 silly idealTree +-- ansi-regex@2.1.1
162 silly idealTree +-- anymatch@1.3.0
162 silly idealTree +-- arr-diff@2.0.0
162 silly idealTree +-- arr-flatten@1.0.3
162 silly idealTree +-- array-unique@0.2.1
162 silly idealTree +-- arrify@1.0.1
162 silly idealTree +-- asn1.js@4.9.1
162 silly idealTree +-- assert@1.4.1
162 silly idealTree +-- async-each@1.0.1
162 silly idealTree +-- async@2.4.0
162 silly idealTree +-- balanced-match@0.4.2
162 silly idealTree +-- base64-js@1.2.0
162 silly idealTree +-- big.js@3.1.3
162 silly idealTree +-- binary-extensions@1.8.0
162 silly idealTree +-- bindings@1.2.1
162 silly idealTree +-- bluebird@3.5.0
162 silly idealTree +-- bn.js@4.11.6
162 silly idealTree +-- boolbase@1.0.0
162 silly idealTree +-- brace-expansion@1.1.7
162 silly idealTree +-- braces@1.8.5
162 silly idealTree +-- brorand@1.1.0
162 silly idealTree +-- browserify-aes@1.0.6
162 silly idealTree +-- browserify-cipher@1.0.0
162 silly idealTree +-- browserify-des@1.0.0
162 silly idealTree +-- browserify-rsa@4.0.1
162 silly idealTree +-- browserify-sign@4.0.4
162 silly idealTree +-- browserify-zlib@0.1.4
162 silly idealTree +-- buffer-shims@1.0.0
162 silly idealTree +-- buffer-xor@1.0.3
162 silly idealTree +-- buffer@4.9.1
162 silly idealTree +-- builtin-modules@1.1.1
162 silly idealTree +-- builtin-status-codes@3.0.0
162 silly idealTree +-- camel-case@3.0.0
162 silly idealTree +-- camelcase@1.2.1
162 silly idealTree +-- center-align@0.1.3
162 silly idealTree +-- chokidar@1.7.0
162 silly idealTree +-- cipher-base@1.0.3
162 silly idealTree +-- clean-css@4.0.11
162 silly idealTree +-- cliui@2.1.0
162 silly idealTree +-- co@4.6.0
162 silly idealTree +-- code-point-at@1.1.0
162 silly idealTree +-- colors@1.1.2
162 silly idealTree +-- commander@2.9.0
162 silly idealTree +-- concat-map@0.0.1
162 silly idealTree +-- console-browserify@1.1.0
162 silly idealTree +-- constants-browserify@1.0.0
162 silly idealTree +-- core-util-is@1.0.2
162 silly idealTree +-- create-ecdh@4.0.0
162 silly idealTree +-- create-hash@1.1.3
162 silly idealTree +-- create-hmac@1.1.6
162 silly idealTree +-- crypto-browserify@3.11.0
162 silly idealTree +-- css-select@1.2.0
162 silly idealTree +-- css-what@2.1.0
162 silly idealTree +-- date-now@0.1.4
162 silly idealTree +-- decamelize@1.2.0
162 silly idealTree +-- des.js@1.0.0
162 silly idealTree +-- diffie-hellman@5.0.2
162 silly idealTree +-- dom-converter@0.1.4
162 silly idealTree | `-- utila@0.3.3
162 silly idealTree +-- dom-serializer@0.1.0
162 silly idealTree | `-- domelementtype@1.1.3
162 silly idealTree +-- domain-browser@1.1.7
162 silly idealTree +-- domelementtype@1.3.0
162 silly idealTree +-- domhandler@2.1.0
162 silly idealTree +-- domutils@1.5.1
162 silly idealTree +-- elliptic@6.4.0
162 silly idealTree +-- emojis-list@2.1.0
162 silly idealTree +-- enhanced-resolve@3.1.0
162 silly idealTree +-- entities@1.1.1
162 silly idealTree +-- errno@0.1.4
162 silly idealTree +-- error-ex@1.3.1
162 silly idealTree +-- events@1.1.1
162 silly idealTree +-- evp_bytestokey@1.0.0
162 silly idealTree +-- expand-brackets@0.1.5
162 silly idealTree +-- expand-range@1.8.2
162 silly idealTree +-- extglob@0.3.2
162 silly idealTree +-- filename-regex@2.0.1
162 silly idealTree +-- fill-range@2.2.3
162 silly idealTree +-- find-up@1.1.2
162 silly idealTree +-- for-in@1.0.2
162 silly idealTree +-- for-own@0.1.5
162 silly idealTree +-- get-caller-file@1.0.2
162 silly idealTree +-- glob-base@0.3.0
162 silly idealTree +-- glob-parent@2.0.0
162 silly idealTree +-- graceful-fs@4.1.11
162 silly idealTree +-- graceful-readlink@1.0.1
162 silly idealTree +-- has-flag@1.0.0
162 silly idealTree +-- hash-base@2.0.2
162 silly idealTree +-- hash.js@1.0.3
162 silly idealTree +-- he@1.1.1
162 silly idealTree +-- hmac-drbg@1.0.1
162 silly idealTree +-- hosted-git-info@2.4.2
162 silly idealTree +-- html-minifier@3.4.3
162 silly idealTree | +-- uglify-js@2.8.22
162 silly idealTree | `-- yargs@3.10.0
162 silly idealTree +-- html-webpack-plugin@2.28.0
162 silly idealTree | `-- loader-utils@0.2.17
162 silly idealTree +-- htmlparser2@3.3.0
162 silly idealTree | +-- domutils@1.1.6
162 silly idealTree | +-- isarray@0.0.1
162 silly idealTree | +-- readable-stream@1.0.34
162 silly idealTree | `-- string_decoder@0.10.31
162 silly idealTree +-- https-browserify@0.0.1
162 silly idealTree +-- ieee754@1.1.8
162 silly idealTree +-- indexof@0.0.1
162 silly idealTree +-- inherits@2.0.3
162 silly idealTree +-- interpret@1.0.3
162 silly idealTree +-- invert-kv@1.0.0
162 silly idealTree +-- is-arrayish@0.2.1
162 silly idealTree +-- is-binary-path@1.0.1
162 silly idealTree +-- is-buffer@1.1.5
162 silly idealTree +-- is-builtin-module@1.0.0
162 silly idealTree +-- is-dotfile@1.0.2
162 silly idealTree +-- is-equal-shallow@0.1.3
162 silly idealTree +-- is-extendable@0.1.1
162 silly idealTree +-- is-extglob@1.0.0
162 silly idealTree +-- is-fullwidth-code-point@1.0.0
162 silly idealTree +-- is-glob@2.0.1
162 silly idealTree +-- is-number@2.1.0
162 silly idealTree +-- is-posix-bracket@0.1.1
162 silly idealTree +-- is-primitive@2.0.0
162 silly idealTree +-- is-utf8@0.2.1
162 silly idealTree +-- isarray@1.0.0
162 silly idealTree +-- isobject@2.1.0
162 silly idealTree +-- json-loader@0.5.4
162 silly idealTree +-- json-stable-stringify@1.0.1
162 silly idealTree +-- json5@0.5.1
162 silly idealTree +-- jsonify@0.0.0
162 silly idealTree +-- kind-of@3.1.0
162 silly idealTree +-- lazy-cache@1.0.4
162 silly idealTree +-- lcid@1.0.0
162 silly idealTree +-- load-json-file@1.1.0
162 silly idealTree +-- loader-runner@2.3.0
162 silly idealTree +-- loader-utils@1.1.0
162 silly idealTree +-- lodash@4.17.4
162 silly idealTree +-- longest@1.0.1
162 silly idealTree +-- lower-case@1.1.4
162 silly idealTree +-- memory-fs@0.4.1
162 silly idealTree +-- micromatch@2.3.11
162 silly idealTree +-- miller-rabin@4.0.0
162 silly idealTree +-- minimalistic-assert@1.0.0
162 silly idealTree +-- minimalistic-crypto-utils@1.0.1
162 silly idealTree +-- minimatch@3.0.4
162 silly idealTree +-- minimist@0.0.8
162 silly idealTree +-- mkdirp@0.5.1
162 silly idealTree +-- nan@2.6.2
162 silly idealTree +-- ncname@1.0.0
162 silly idealTree +-- no-case@2.3.1
162 silly idealTree +-- node-libs-browser@2.0.0
162 silly idealTree | `-- string_decoder@0.10.31
162 silly idealTree +-- normalize-package-data@2.3.8
162 silly idealTree +-- normalize-path@2.1.1
162 silly idealTree +-- nth-check@1.0.1
162 silly idealTree +-- number-is-nan@1.0.1
162 silly idealTree +-- object-assign@4.1.1
162 silly idealTree +-- object.omit@2.0.1
162 silly idealTree +-- os-browserify@0.2.1
162 silly idealTree +-- os-locale@1.4.0
162 silly idealTree +-- pako@0.2.9
162 silly idealTree +-- param-case@2.1.1
162 silly idealTree +-- parse-asn1@5.1.0
162 silly idealTree +-- parse-glob@3.0.4
162 silly idealTree +-- parse-json@2.2.0
162 silly idealTree +-- path-browserify@0.0.0
162 silly idealTree +-- path-exists@2.1.0
162 silly idealTree +-- path-is-absolute@1.0.1
162 silly idealTree +-- path-type@1.1.0
162 silly idealTree +-- pbkdf2@3.0.12
162 silly idealTree +-- pify@2.3.0
162 silly idealTree +-- pinkie-promise@2.0.1
162 silly idealTree +-- pinkie@2.0.4
162 silly idealTree +-- preserve@0.2.0
162 silly idealTree +-- pretty-error@2.1.0
162 silly idealTree +-- process-nextick-args@1.0.7
162 silly idealTree +-- process@0.11.10
162 silly idealTree +-- prr@0.0.0
162 silly idealTree +-- public-encrypt@4.0.0
162 silly idealTree +-- punycode@1.4.1
162 silly idealTree +-- querystring-es3@0.2.1
162 silly idealTree +-- querystring@0.2.0
162 silly idealTree +-- randomatic@1.1.6
162 silly idealTree +-- randombytes@2.0.3
162 silly idealTree +-- read-pkg-up@1.0.1
162 silly idealTree +-- read-pkg@1.1.0
162 silly idealTree +-- readable-stream@2.2.8
162 silly idealTree +-- readdirp@2.1.0
162 silly idealTree +-- regex-cache@0.4.3
162 silly idealTree +-- relateurl@0.2.7
162 silly idealTree +-- remove-trailing-separator@1.0.1
162 silly idealTree +-- renderkid@2.0.1
162 silly idealTree | `-- utila@0.3.3
162 silly idealTree +-- repeat-element@1.1.2
162 silly idealTree +-- repeat-string@1.6.1
162 silly idealTree +-- require-directory@2.1.1
162 silly idealTree +-- require-main-filename@1.0.1
162 silly idealTree +-- right-align@0.1.3
162 silly idealTree +-- ripemd160@2.0.1
162 silly idealTree +-- safe-buffer@5.0.1
162 silly idealTree +-- semver@5.3.0
162 silly idealTree +-- set-blocking@2.0.0
162 silly idealTree +-- set-immediate-shim@1.0.1
162 silly idealTree +-- setimmediate@1.0.5
162 silly idealTree +-- sha.js@2.4.8
162 silly idealTree +-- simplex-noise@2.3.0
162 silly idealTree +-- source-list-map@1.1.2
162 silly idealTree +-- source-map-loader@0.2.1
162 silly idealTree | +-- async@0.9.2
162 silly idealTree | +-- loader-utils@0.2.17
162 silly idealTree | `-- source-map@0.1.43
162 silly idealTree +-- source-map@0.5.6
162 silly idealTree +-- spdx-correct@1.0.2
162 silly idealTree +-- spdx-expression-parse@1.0.4
162 silly idealTree +-- spdx-license-ids@1.2.2
162 silly idealTree +-- stream-browserify@2.0.1
162 silly idealTree +-- stream-http@2.7.1
162 silly idealTree +-- string_decoder@1.0.0
162 silly idealTree +-- string-width@1.0.2
162 silly idealTree +-- strip-ansi@3.0.1
162 silly idealTree +-- strip-bom@2.0.0
162 silly idealTree +-- supports-color@3.2.3
162 silly idealTree +-- tapable@0.2.6
162 silly idealTree +-- three-copyshader@0.0.1
162 silly idealTree +-- three-effectcomposer@0.0.1
162 silly idealTree +-- three@0.85.2
162 silly idealTree +-- timers-browserify@2.0.2
162 silly idealTree +-- to-arraybuffer@1.0.1
162 silly idealTree +-- toposort@1.0.3
162 silly idealTree +-- ts-loader@2.0.3
162 silly idealTree +-- tty-browserify@0.0.0
162 silly idealTree +-- typescript@2.3.2
162 silly idealTree +-- uglify-js@2.8.26
162 silly idealTree | `-- yargs@3.10.0
162 silly idealTree +-- uglify-to-browserify@1.0.2
162 silly idealTree +-- upper-case@1.1.3
162 silly idealTree +-- url@0.11.0
162 silly idealTree | `-- punycode@1.3.2
162 silly idealTree +-- util-deprecate@1.0.2
162 silly idealTree +-- util@0.10.3
162 silly idealTree | `-- inherits@2.0.1
162 silly idealTree +-- utila@0.4.0
162 silly idealTree +-- validate-npm-package-license@3.0.1
162 silly idealTree +-- vm-browserify@0.0.4
162 silly idealTree +-- watchpack@1.3.1
162 silly idealTree +-- webpack-sources@0.2.3
162 silly idealTree +-- webpack@2.5.1
162 silly idealTree | `-- loader-utils@0.2.17
162 silly idealTree +-- webworker-threads@0.7.11
162 silly idealTree +-- which-module@1.0.0
162 silly idealTree +-- window-size@0.1.0
162 silly idealTree +-- wordwrap@0.0.2
162 silly idealTree +-- wrap-ansi@2.1.0
162 silly idealTree +-- xml-char-classes@1.0.0
162 silly idealTree +-- xtend@4.0.1
162 silly idealTree +-- y18n@3.2.1
162 silly idealTree +-- yargs-parser@4.2.1
162 silly idealTree | `-- camelcase@3.0.0
162 silly idealTree `-- yargs@6.6.0
162 silly idealTree   +-- camelcase@3.0.0
162 silly idealTree   `-- cliui@3.2.0
163 silly generateActionsToTake Starting
164 silly install generateActionsToTake
165 silly generateActionsToTake Finishing
166 silly diffTrees action count 3
167 silly diffTrees add bindings@1.2.1
168 silly diffTrees add nan@2.6.2
169 silly diffTrees add webworker-threads@0.7.11
170 silly decomposeActions action count 24
171 silly decomposeActions fetch bindings@1.2.1
172 silly decomposeActions extract bindings@1.2.1
173 silly decomposeActions test bindings@1.2.1
174 silly decomposeActions preinstall bindings@1.2.1
175 silly decomposeActions build bindings@1.2.1
176 silly decomposeActions install bindings@1.2.1
177 silly decomposeActions postinstall bindings@1.2.1
178 silly decomposeActions finalize bindings@1.2.1
179 silly decomposeActions fetch nan@2.6.2
180 silly decomposeActions extract nan@2.6.2
181 silly decomposeActions test nan@2.6.2
182 silly decomposeActions preinstall nan@2.6.2
183 silly decomposeActions build nan@2.6.2
184 silly decomposeActions install nan@2.6.2
185 silly decomposeActions postinstall nan@2.6.2
186 silly decomposeActions finalize nan@2.6.2
187 silly decomposeActions fetch webworker-threads@0.7.11
188 silly decomposeActions extract webworker-threads@0.7.11
189 silly decomposeActions test webworker-threads@0.7.11
190 silly decomposeActions preinstall webworker-threads@0.7.11
191 silly decomposeActions build webworker-threads@0.7.11
192 silly decomposeActions install webworker-threads@0.7.11
193 silly decomposeActions postinstall webworker-threads@0.7.11
194 silly decomposeActions finalize webworker-threads@0.7.11
195 silly runTopLevelLifecycles Starting
196 silly executeActions Starting
197 silly install executeActions
198 silly doSerial global-install 0
199 silly doParallel fetch 3
200 verbose correctMkdir C:\Users\kanga\AppData\Roaming\npm-cache\_locks correctMkdir not in flight; initializing
201 verbose lock using C:\Users\kanga\AppData\Roaming\npm-cache\_locks\staging-fac80e5561914ad1.lock for D:\xampp\htdocs\game\game-client\node_modules\.staging
202 silly doParallel extract 3
203 silly extract bindings@1.2.1
204 silly extract nan@2.6.2
205 silly extract webworker-threads@0.7.11
206 verbose unbuild node_modules\.staging\bindings-b162c875
207 verbose unbuild node_modules\.staging\nan-84605984
208 verbose unbuild node_modules\.staging\webworker-threads-94e1e285
209 silly gentlyRm D:\xampp\htdocs\game\game-client\node_modules\.staging\bindings-b162c875 is being purged from base D:\xampp\htdocs\game\game-client
210 verbose gentlyRm don't care about contents; nuking D:\xampp\htdocs\game\game-client\node_modules\.staging\bindings-b162c875
211 silly gentlyRm D:\xampp\htdocs\game\game-client\node_modules\.staging\nan-84605984 is being purged from base D:\xampp\htdocs\game\game-client
212 verbose gentlyRm don't care about contents; nuking D:\xampp\htdocs\game\game-client\node_modules\.staging\nan-84605984
213 silly gentlyRm D:\xampp\htdocs\game\game-client\node_modules\.staging\webworker-threads-94e1e285 is being purged from base D:\xampp\htdocs\game\game-client
214 verbose gentlyRm don't care about contents; nuking D:\xampp\htdocs\game\game-client\node_modules\.staging\webworker-threads-94e1e285
215 verbose tar unpack C:\Users\kanga\AppData\Roaming\npm-cache\bindings\1.2.1\package.tgz
216 verbose tar unpacking to D:\xampp\htdocs\game\game-client\node_modules\.staging\bindings-b162c875
217 silly gentlyRm D:\xampp\htdocs\game\game-client\node_modules\.staging\bindings-b162c875 is being purged
218 verbose gentlyRm don't care about contents; nuking D:\xampp\htdocs\game\game-client\node_modules\.staging\bindings-b162c875
219 verbose tar unpack C:\Users\kanga\AppData\Roaming\npm-cache\nan\2.6.2\package.tgz
220 verbose tar unpacking to D:\xampp\htdocs\game\game-client\node_modules\.staging\nan-84605984
221 silly gentlyRm D:\xampp\htdocs\game\game-client\node_modules\.staging\nan-84605984 is being purged
222 verbose gentlyRm don't care about contents; nuking D:\xampp\htdocs\game\game-client\node_modules\.staging\nan-84605984
223 verbose tar unpack C:\Users\kanga\AppData\Roaming\npm-cache\webworker-threads\0.7.11\package.tgz
224 verbose tar unpacking to D:\xampp\htdocs\game\game-client\node_modules\.staging\webworker-threads-94e1e285
225 silly gentlyRm D:\xampp\htdocs\game\game-client\node_modules\.staging\webworker-threads-94e1e285 is being purged
226 verbose gentlyRm don't care about contents; nuking D:\xampp\htdocs\game\game-client\node_modules\.staging\webworker-threads-94e1e285
227 silly gunzTarPerm modes [ '777', '666' ]
228 silly gunzTarPerm modes [ '777', '666' ]
229 silly gunzTarPerm modes [ '777', '666' ]
230 silly gunzTarPerm extractEntry package.json
231 silly gunzTarPerm modified mode [ 'package.json', 436, 438 ]
232 silly gunzTarPerm extractEntry package.json
233 silly gunzTarPerm modified mode [ 'package.json', 436, 438 ]
234 silly gunzTarPerm extractEntry package.json
235 silly gunzTarPerm modified mode [ 'package.json', 420, 438 ]
236 silly gunzTarPerm extractEntry .npmignore
237 silly gunzTarPerm modified mode [ '.npmignore', 420, 438 ]
238 silly gunzTarPerm extractEntry README.md
239 silly gunzTarPerm modified mode [ 'README.md', 436, 438 ]
240 silly gunzTarPerm extractEntry README.md
241 silly gunzTarPerm modified mode [ 'README.md', 436, 438 ]
242 silly gunzTarPerm extractEntry README.md
243 silly gunzTarPerm modified mode [ 'README.md', 420, 438 ]
244 silly gunzTarPerm extractEntry bindings.js
245 silly gunzTarPerm modified mode [ 'bindings.js', 420, 438 ]
246 silly gunzTarPerm extractEntry include_dirs.js
247 silly gunzTarPerm modified mode [ 'include_dirs.js', 436, 438 ]
248 silly gunzTarPerm extractEntry LICENSE
249 silly gunzTarPerm modified mode [ 'LICENSE', 420, 438 ]
250 silly gunzTarPerm extractEntry nan_converters_43_inl.h
251 silly gunzTarPerm modified mode [ 'nan_converters_43_inl.h', 436, 438 ]
252 silly gunzTarPerm extractEntry LICENSE.md
253 silly gunzTarPerm modified mode [ 'LICENSE.md', 436, 438 ]
254 silly gunzTarPerm extractEntry doc/new.md
255 silly gunzTarPerm modified mode [ 'doc/new.md', 436, 438 ]
256 silly gunzTarPerm extractEntry doc/asyncworker.md
257 silly gunzTarPerm modified mode [ 'doc/asyncworker.md', 436, 438 ]
258 silly gunzTarPerm extractEntry index.js
259 silly gunzTarPerm modified mode [ 'index.js', 420, 438 ]
260 silly gunzTarPerm extractEntry test-package.js
261 silly gunzTarPerm modified mode [ 'test-package.js', 436, 438 ]
262 silly gunzTarPerm extractEntry test.js
263 silly gunzTarPerm modified mode [ 'test.js', 420, 438 ]
264 silly gunzTarPerm extractEntry deps/minifier/bin/.keep
265 silly gunzTarPerm modified mode [ 'deps/minifier/bin/.keep', 436, 438 ]
266 silly gunzTarPerm extractEntry doc/callback.md
267 silly gunzTarPerm modified mode [ 'doc/callback.md', 436, 438 ]
268 silly gunzTarPerm extractEntry doc/converters.md
269 silly gunzTarPerm modified mode [ 'doc/converters.md', 436, 438 ]
270 silly gunzTarPerm extractEntry doc/errors.md
271 silly gunzTarPerm modified mode [ 'doc/errors.md', 436, 438 ]
272 silly gunzTarPerm extractEntry doc/json.md
273 silly gunzTarPerm modified mode [ 'doc/json.md', 436, 438 ]
274 silly gunzTarPerm extractEntry deps/minifier/src/minify.c
275 silly gunzTarPerm modified mode [ 'deps/minifier/src/minify.c', 420, 438 ]
276 silly gunzTarPerm extractEntry deps/minifier/src/test
277 silly gunzTarPerm modified mode [ 'deps/minifier/src/test', 493, 511 ]
278 silly gunzTarPerm extractEntry doc/maybe_types.md
279 silly gunzTarPerm modified mode [ 'doc/maybe_types.md', 436, 438 ]
280 silly gunzTarPerm extractEntry doc/methods.md
281 silly gunzTarPerm modified mode [ 'doc/methods.md', 436, 438 ]
282 silly gentlyRm D:\xampp\htdocs\game\game-client\node_modules\.staging\bindings-b162c875\node_modules is being purged
283 verbose gentlyRm don't care about contents; nuking D:\xampp\htdocs\game\game-client\node_modules\.staging\bindings-b162c875\node_modules
284 silly gunzTarPerm extractEntry deps/minifier/src/test.include.c
285 silly gunzTarPerm modified mode [ 'deps/minifier/src/test.include.c', 420, 438 ]
286 silly gunzTarPerm extractEntry deps/minifier/src/test_minifier.c
287 silly gunzTarPerm modified mode [ 'deps/minifier/src/test_minifier.c', 420, 438 ]
288 silly gunzTarPerm extractEntry doc/buffers.md
289 silly gunzTarPerm modified mode [ 'doc/buffers.md', 436, 438 ]
290 silly gunzTarPerm extractEntry doc/node_misc.md
291 silly gunzTarPerm modified mode [ 'doc/node_misc.md', 436, 438 ]
292 silly gunzTarPerm extractEntry TODO.md
293 silly gunzTarPerm modified mode [ 'TODO.md', 420, 438 ]
294 silly gunzTarPerm extractEntry benchmark/b00_fibonacci_server_no_threads.js
295 silly gunzTarPerm modified mode [ 'benchmark/b00_fibonacci_server_no_threads.js', 420, 438 ]
296 silly gunzTarPerm extractEntry doc/object_wrappers.md
297 silly gunzTarPerm modified mode [ 'doc/object_wrappers.md', 436, 438 ]
298 silly gunzTarPerm extractEntry doc/persistent.md
299 silly gunzTarPerm modified mode [ 'doc/persistent.md', 436, 438 ]
300 silly gunzTarPerm extractEntry benchmark/b01_fibonacci_server_threads.js
301 silly gunzTarPerm modified mode [ 'benchmark/b01_fibonacci_server_threads.js', 420, 438 ]
302 silly gunzTarPerm extractEntry benchmark/b02_fibonacci_server_threads_pool.js
303 silly gunzTarPerm modified mode [ 'benchmark/b02_fibonacci_server_threads_pool.js', 420, 438 ]
304 silly gunzTarPerm extractEntry doc/scopes.md
305 silly gunzTarPerm modified mode [ 'doc/scopes.md', 436, 438 ]
306 silly gunzTarPerm extractEntry doc/script.md
307 silly gunzTarPerm modified mode [ 'doc/script.md', 436, 438 ]
308 silly gunzTarPerm extractEntry doc/string_bytes.md
309 silly gunzTarPerm modified mode [ 'doc/string_bytes.md', 436, 438 ]
310 silly gunzTarPerm extractEntry doc/v8_internals.md
311 silly gunzTarPerm modified mode [ 'doc/v8_internals.md', 436, 438 ]
312 silly gunzTarPerm extractEntry doc/v8_misc.md
313 silly gunzTarPerm modified mode [ 'doc/v8_misc.md', 436, 438 ]
314 silly gunzTarPerm extractEntry nan.h
315 silly gunzTarPerm modified mode [ 'nan.h', 436, 438 ]
316 silly gunzTarPerm extractEntry benchmark/b03_fibonacci_server_clustered.js
317 silly gunzTarPerm modified mode [ 'benchmark/b03_fibonacci_server_clustered.js', 420, 438 ]
318 silly gunzTarPerm extractEntry benchmark/b04_only_quick.js
319 silly gunzTarPerm modified mode [ 'benchmark/b04_only_quick.js', 420, 438 ]
320 silly gunzTarPerm extractEntry nan_callbacks.h
321 silly gunzTarPerm modified mode [ 'nan_callbacks.h', 436, 438 ]
322 silly gunzTarPerm extractEntry nan_callbacks_12_inl.h
323 silly gunzTarPerm modified mode [ 'nan_callbacks_12_inl.h', 436, 438 ]
324 silly gunzTarPerm extractEntry benchmark/pi.js
325 silly gunzTarPerm modified mode [ 'benchmark/pi.js', 493, 511 ]
326 silly gunzTarPerm extractEntry benchmark/pi_precompiled.js
327 silly gunzTarPerm modified mode [ 'benchmark/pi_precompiled.js', 420, 438 ]
328 silly gunzTarPerm extractEntry nan_callbacks_pre_12_inl.h
329 silly gunzTarPerm modified mode [ 'nan_callbacks_pre_12_inl.h', 436, 438 ]
330 silly gunzTarPerm extractEntry nan_converters.h
331 silly gunzTarPerm modified mode [ 'nan_converters.h', 436, 438 ]
332 silly gunzTarPerm extractEntry nan_converters_pre_43_inl.h
333 silly gunzTarPerm modified mode [ 'nan_converters_pre_43_inl.h', 436, 438 ]
334 silly gunzTarPerm extractEntry nan_implementation_12_inl.h
335 silly gunzTarPerm modified mode [ 'nan_implementation_12_inl.h', 436, 438 ]
336 silly gunzTarPerm extractEntry benchmark/doubles.c
337 silly gunzTarPerm modified mode [ 'benchmark/doubles.c', 420, 438 ]
338 silly gunzTarPerm extractEntry benchmark/pi.c
339 silly gunzTarPerm modified mode [ 'benchmark/pi.c', 420, 438 ]
340 silly gunzTarPerm extractEntry benchmark/pi.rb
341 silly gunzTarPerm modified mode [ 'benchmark/pi.rb', 493, 511 ]
342 silly gunzTarPerm extractEntry binding.gyp
343 silly gunzTarPerm modified mode [ 'binding.gyp', 436, 438 ]
344 silly gunzTarPerm extractEntry examples/demo.js
345 silly gunzTarPerm modified mode [ 'examples/demo.js', 420, 438 ]
346 silly gunzTarPerm extractEntry examples/ex03_ping_pong.js
347 silly gunzTarPerm modified mode [ 'examples/ex03_ping_pong.js', 420, 438 ]
348 silly gunzTarPerm extractEntry examples/quickIntro_multiThread.js
349 silly gunzTarPerm modified mode [ 'examples/quickIntro_multiThread.js', 420, 438 ]
350 silly gunzTarPerm extractEntry examples/ex04_main.js
351 silly gunzTarPerm modified mode [ 'examples/ex04_main.js', 420, 438 ]
352 silly gunzTarPerm extractEntry nan_implementation_pre_12_inl.h
353 silly gunzTarPerm modified mode [ 'nan_implementation_pre_12_inl.h', 436, 438 ]
354 silly gunzTarPerm extractEntry nan_json.h
355 silly gunzTarPerm modified mode [ 'nan_json.h', 436, 438 ]
356 silly gunzTarPerm extractEntry nan_maybe_43_inl.h
357 silly gunzTarPerm modified mode [ 'nan_maybe_43_inl.h', 436, 438 ]
358 silly gunzTarPerm extractEntry nan_maybe_pre_43_inl.h
359 silly gunzTarPerm modified mode [ 'nan_maybe_pre_43_inl.h', 436, 438 ]
360 silly gunzTarPerm extractEntry examples/quickIntro_multiThreadEvented.js
361 silly gunzTarPerm modified mode [ 'examples/quickIntro_multiThreadEvented.js', 420, 438 ]
362 silly gunzTarPerm extractEntry examples/ex04_worker.js
363 silly gunzTarPerm modified mode [ 'examples/ex04_worker.js', 420, 438 ]
364 silly gunzTarPerm extractEntry examples/quickIntro_fiveThreads.js
365 silly gunzTarPerm modified mode [ 'examples/quickIntro_fiveThreads.js', 420, 438 ]
366 silly gunzTarPerm extractEntry examples/ex05_pool.js
367 silly gunzTarPerm modified mode [ 'examples/ex05_pool.js', 420, 438 ]
368 silly gunzTarPerm extractEntry examples/quickIntro_evented_childThreadCode.js
369 silly gunzTarPerm modified mode [ 'examples/quickIntro_evented_childThreadCode.js', 420, 438 ]
370 silly gunzTarPerm extractEntry examples/ex01_basic.js
371 silly gunzTarPerm modified mode [ 'examples/ex01_basic.js', 420, 438 ]
372 silly gunzTarPerm extractEntry nan_new.h
373 silly gunzTarPerm modified mode [ 'nan_new.h', 436, 438 ]
374 silly gunzTarPerm extractEntry nan_object_wrap.h
375 silly gunzTarPerm modified mode [ 'nan_object_wrap.h', 436, 438 ]
376 silly gunzTarPerm extractEntry examples/ex02_events.js
377 silly gunzTarPerm modified mode [ 'examples/ex02_events.js', 420, 438 ]
378 silly gunzTarPerm extractEntry examples/ex06_jason.js
379 silly gunzTarPerm modified mode [ 'examples/ex06_jason.js', 420, 438 ]
380 silly gunzTarPerm extractEntry nan_persistent_12_inl.h
381 silly gunzTarPerm modified mode [ 'nan_persistent_12_inl.h', 436, 438 ]
382 silly gunzTarPerm extractEntry nan_persistent_pre_12_inl.h
383 silly gunzTarPerm modified mode [ 'nan_persistent_pre_12_inl.h', 436, 438 ]
384 silly gunzTarPerm extractEntry examples/quickIntro_oneThread.js
385 silly gunzTarPerm modified mode [ 'examples/quickIntro_oneThread.js', 420, 438 ]
386 silly gunzTarPerm extractEntry examples/quickIntro_blocking.js
387 silly gunzTarPerm modified mode [ 'examples/quickIntro_blocking.js', 420, 438 ]
388 silly gunzTarPerm extractEntry nan_private.h
389 silly gunzTarPerm modified mode [ 'nan_private.h', 436, 438 ]
390 silly gunzTarPerm extractEntry nan_string_bytes.h
391 silly gunzTarPerm modified mode [ 'nan_string_bytes.h', 436, 438 ]
392 silly gunzTarPerm extractEntry examples/quickIntro_loop.js
393 silly gunzTarPerm modified mode [ 'examples/quickIntro_loop.js', 420, 438 ]
394 silly gunzTarPerm extractEntry examples/quickIntro_oneThreadEvented.js
395 silly gunzTarPerm modified mode [ 'examples/quickIntro_oneThreadEvented.js', 420, 438 ]
396 silly gunzTarPerm extractEntry examples/ex06_complex.js
397 silly gunzTarPerm modified mode [ 'examples/ex06_complex.js', 420, 438 ]
398 silly gunzTarPerm extractEntry examples/fiveThreads.ls
399 silly gunzTarPerm modified mode [ 'examples/fiveThreads.ls', 493, 511 ]
400 silly gunzTarPerm extractEntry examples/multiThreadEvented.ls
401 silly gunzTarPerm modified mode [ 'examples/multiThreadEvented.ls', 493, 511 ]
402 silly gunzTarPerm extractEntry examples/ex06_jason.md
403 silly gunzTarPerm modified mode [ 'examples/ex06_jason.md', 420, 438 ]
404 silly gunzTarPerm extractEntry nan_typedarray_contents.h
405 silly gunzTarPerm modified mode [ 'nan_typedarray_contents.h', 436, 438 ]
406 silly gunzTarPerm extractEntry nan_weak.h
407 silly gunzTarPerm modified mode [ 'nan_weak.h', 436, 438 ]
408 silly gunzTarPerm extractEntry examples/ex05_pool.md
409 silly gunzTarPerm modified mode [ 'examples/ex05_pool.md', 420, 438 ]
410 silly gunzTarPerm extractEntry examples/ex04_worker.md
411 silly gunzTarPerm modified mode [ 'examples/ex04_worker.md', 420, 438 ]
412 silly gunzTarPerm extractEntry CHANGELOG.md
413 silly gunzTarPerm modified mode [ 'CHANGELOG.md', 436, 438 ]
414 silly gunzTarPerm extractEntry tools/package.json
415 silly gunzTarPerm modified mode [ 'tools/package.json', 436, 438 ]
416 silly gunzTarPerm extractEntry examples/ex04_main.md
417 silly gunzTarPerm modified mode [ 'examples/ex04_main.md', 420, 438 ]
418 silly gunzTarPerm extractEntry examples/ex03_ping_pong.md
419 silly gunzTarPerm modified mode [ 'examples/ex03_ping_pong.md', 420, 438 ]
420 silly gunzTarPerm extractEntry tools/README.md
421 silly gunzTarPerm modified mode [ 'tools/README.md', 436, 438 ]
422 silly gunzTarPerm extractEntry tools/1to2.js
423 silly gunzTarPerm modified mode [ 'tools/1to2.js', 509, 511 ]
424 silly gunzTarPerm extractEntry examples/ex02_events.md
425 silly gunzTarPerm modified mode [ 'examples/ex02_events.md', 420, 438 ]
426 silly gunzTarPerm extractEntry examples/ex01_basic.md
427 silly gunzTarPerm modified mode [ 'examples/ex01_basic.md', 420, 438 ]
428 silly gunzTarPerm extractEntry AUTHORS
429 silly gunzTarPerm modified mode [ 'AUTHORS', 420, 438 ]
430 silly gunzTarPerm extractEntry test.ls
431 silly gunzTarPerm modified mode [ 'test.ls', 493, 511 ]
432 silly gunzTarPerm extractEntry CHANGES.md
433 silly gunzTarPerm modified mode [ 'CHANGES.md', 436, 438 ]
434 silly gunzTarPerm extractEntry package.ls
435 silly gunzTarPerm modified mode [ 'package.ls', 509, 511 ]
436 silly gunzTarPerm extractEntry src/load.js
437 silly gunzTarPerm modified mode [ 'src/load.js', 436, 438 ]
438 silly gunzTarPerm extractEntry src/createPool.js
439 silly gunzTarPerm modified mode [ 'src/createPool.js', 436, 438 ]
440 silly gunzTarPerm extractEntry src/events.js
441 silly gunzTarPerm modified mode [ 'src/events.js', 436, 438 ]
442 silly gunzTarPerm extractEntry src/thread_nextTick.js
443 silly gunzTarPerm modified mode [ 'src/thread_nextTick.js', 436, 438 ]
444 silly gunzTarPerm extractEntry src/worker.js
445 silly gunzTarPerm modified mode [ 'src/worker.js', 436, 438 ]
446 silly gunzTarPerm extractEntry src/createPool.js.c
447 silly gunzTarPerm modified mode [ 'src/createPool.js.c', 420, 438 ]
448 silly gunzTarPerm extractEntry src/createPool.ls
449 silly gunzTarPerm modified mode [ 'src/createPool.ls', 420, 438 ]
450 silly gunzTarPerm extractEntry src/bson.cc
451 silly gunzTarPerm modified mode [ 'src/bson.cc', 436, 438 ]
452 silly gunzTarPerm extractEntry src/events.js.c
453 silly gunzTarPerm modified mode [ 'src/events.js.c', 420, 438 ]
454 silly gunzTarPerm extractEntry src/events.ls
455 silly gunzTarPerm modified mode [ 'src/events.ls', 420, 438 ]
456 silly gunzTarPerm extractEntry src/jslib.cc
457 silly gunzTarPerm modified mode [ 'src/jslib.cc', 436, 438 ]
458 silly gunzTarPerm extractEntry src/WebWorkerThreads.cc
459 silly gunzTarPerm modified mode [ 'src/WebWorkerThreads.cc', 436, 438 ]
460 silly gunzTarPerm extractEntry src/load.js.c
461 silly gunzTarPerm modified mode [ 'src/load.js.c', 436, 438 ]
462 silly gunzTarPerm extractEntry src/load.ls
463 silly gunzTarPerm modified mode [ 'src/load.ls', 420, 438 ]
464 silly gunzTarPerm extractEntry src/nan_isolate_data_accessor.h
465 silly gunzTarPerm modified mode [ 'src/nan_isolate_data_accessor.h', 420, 438 ]
466 silly gunzTarPerm extractEntry src/queues_a_gogo.cc
467 silly gunzTarPerm modified mode [ 'src/queues_a_gogo.cc', 420, 438 ]
468 silly gunzTarPerm extractEntry src/bson.h
469 silly gunzTarPerm modified mode [ 'src/bson.h', 420, 438 ]
470 silly gunzTarPerm extractEntry src/thread_nextTick.js.c
471 silly gunzTarPerm modified mode [ 'src/thread_nextTick.js.c', 420, 438 ]
472 silly gunzTarPerm extractEntry src/thread_nextTick.ls
473 silly gunzTarPerm modified mode [ 'src/thread_nextTick.ls', 420, 438 ]
474 silly gunzTarPerm extractEntry src/ArrayBufferAllocator.h
475 silly gunzTarPerm modified mode [ 'src/ArrayBufferAllocator.h', 420, 438 ]
476 silly gunzTarPerm extractEntry src/worker.js.c
477 silly gunzTarPerm modified mode [ 'src/worker.js.c', 436, 438 ]
478 silly gunzTarPerm extractEntry src/worker.ls
479 silly gunzTarPerm modified mode [ 'src/worker.ls', 420, 438 ]
480 silly gunzTarPerm extractEntry test/ab.js
481 silly gunzTarPerm modified mode [ 'test/ab.js', 420, 438 ]
482 silly gunzTarPerm extractEntry test/test11_multi_callbacks.js
483 silly gunzTarPerm modified mode [ 'test/test11_multi_callbacks.js', 420, 438 ]
484 silly gunzTarPerm extractEntry test/test12_precompiled_vs_normal.js
485 silly gunzTarPerm modified mode [ 'test/test12_precompiled_vs_normal.js', 420, 438 ]
486 silly gunzTarPerm extractEntry test/test13_thread_nextTick_speed.js
487 silly gunzTarPerm modified mode [ 'test/test13_thread_nextTick_speed.js', 420, 438 ]
488 silly gunzTarPerm extractEntry test/test10_node_nextTick_speed.js
489 silly gunzTarPerm modified mode [ 'test/test10_node_nextTick_speed.js', 420, 438 ]
490 silly gunzTarPerm extractEntry test/test15_emit_ping_pong.js
491 silly gunzTarPerm modified mode [ 'test/test15_emit_ping_pong.js', 420, 438 ]
492 silly gunzTarPerm extractEntry test/test16_syntax_error_in_the_thread.js
493 silly gunzTarPerm modified mode [ 'test/test16_syntax_error_in_the_thread.js', 420, 438 ]
494 silly gunzTarPerm extractEntry test/test17_pool_pi.js
495 silly gunzTarPerm modified mode [ 'test/test17_pool_pi.js', 420, 438 ]
496 silly gunzTarPerm extractEntry test/test18_pool_any_as_fast_as_possible.js
497 silly gunzTarPerm modified mode [ 'test/test18_pool_any_as_fast_as_possible.js', 420, 438 ]
498 silly gunzTarPerm extractEntry test/test19_pool_emit_any_all.js
499 silly gunzTarPerm modified mode [ 'test/test19_pool_emit_any_all.js', 420, 438 ]
500 silly gunzTarPerm extractEntry test/test09_throw_from_the_callback.js
501 silly gunzTarPerm modified mode [ 'test/test09_throw_from_the_callback.js', 420, 438 ]
502 silly gunzTarPerm extractEntry test/test20_removeAllListeners.js
503 silly gunzTarPerm modified mode [ 'test/test20_removeAllListeners.js', 420, 438 ]
504 silly gunzTarPerm extractEntry test/test08_sigkill_leaks.js
505 silly gunzTarPerm modified mode [ 'test/test08_sigkill_leaks.js', 420, 438 ]
506 silly gunzTarPerm extractEntry test/test21_emit_ping_pong_big_string.js
507 silly gunzTarPerm modified mode [ 'test/test21_emit_ping_pong_big_string.js', 420, 438 ]
508 silly gunzTarPerm extractEntry test/test07_sigkill.js
509 silly gunzTarPerm modified mode [ 'test/test07_sigkill.js', 420, 438 ]
510 silly gunzTarPerm extractEntry test/test22_create_destroy_loop.js
511 silly gunzTarPerm modified mode [ 'test/test22_create_destroy_loop.js', 420, 438 ]
512 silly gentlyRm D:\xampp\htdocs\game\game-client\node_modules\.staging\nan-84605984\node_modules is being purged
513 verbose gentlyRm don't care about contents; nuking D:\xampp\htdocs\game\game-client\node_modules\.staging\nan-84605984\node_modules
514 silly gunzTarPerm extractEntry test/test06_throw_from_the_thread.js
515 silly gunzTarPerm modified mode [ 'test/test06_throw_from_the_thread.js', 420, 438 ]
516 silly gunzTarPerm extractEntry test/test23_create_destroy_loop.js
517 silly gunzTarPerm modified mode [ 'test/test23_create_destroy_loop.js', 420, 438 ]
518 silly gunzTarPerm extractEntry test/test05_debugLeaksNoCallbacks.js
519 silly gunzTarPerm modified mode [ 'test/test05_debugLeaksNoCallbacks.js', 420, 438 ]
520 silly gunzTarPerm extractEntry test/test24_puts.js
521 silly gunzTarPerm modified mode [ 'test/test24_puts.js', 420, 438 ]
522 silly gunzTarPerm extractEntry test/test04_gc_versus_not_gc.js
523 silly gunzTarPerm modified mode [ 'test/test04_gc_versus_not_gc.js', 420, 438 ]
524 silly gunzTarPerm extractEntry test/test25_delete_puts.js
525 silly gunzTarPerm modified mode [ 'test/test25_delete_puts.js', 420, 438 ]
526 silly gunzTarPerm extractEntry test/test03_infiniteLoopFunction.js
527 silly gunzTarPerm modified mode [ 'test/test03_infiniteLoopFunction.js', 420, 438 ]
528 silly gunzTarPerm extractEntry test/test26_puts_with_many_args.js
529 silly gunzTarPerm modified mode [ 'test/test26_puts_with_many_args.js', 420, 438 ]
530 silly gunzTarPerm extractEntry test/test02_loop_as_fast_as_possible.js
531 silly gunzTarPerm modified mode [ 'test/test02_loop_as_fast_as_possible.js', 420, 438 ]
532 silly gunzTarPerm extractEntry test/test27_puts_event_loop.js
533 silly gunzTarPerm modified mode [ 'test/test27_puts_event_loop.js', 420, 438 ]
534 silly gunzTarPerm extractEntry test/test01_loop_as_fast_as_possible.js
535 silly gunzTarPerm modified mode [ 'test/test01_loop_as_fast_as_possible.js', 420, 438 ]
536 silly gunzTarPerm extractEntry test/test28_puts_nextTick_loop.js
537 silly gunzTarPerm modified mode [ 'test/test28_puts_nextTick_loop.js', 420, 438 ]
538 silly gunzTarPerm extractEntry test/test00_run_once_and_destroy.js
539 silly gunzTarPerm modified mode [ 'test/test00_run_once_and_destroy.js', 436, 438 ]
540 silly gunzTarPerm extractEntry test/test29_puts_callback_loop.js
541 silly gunzTarPerm modified mode [ 'test/test29_puts_callback_loop.js', 420, 438 ]
542 silly gunzTarPerm extractEntry test/test14_emit_once.js
543 silly gunzTarPerm modified mode [ 'test/test14_emit_once.js', 420, 438 ]
544 silly gunzTarPerm extractEntry .editorconfig
545 silly gunzTarPerm modified mode [ '.editorconfig', 420, 438 ]
546 silly gunzTarPerm extractEntry .travis.yml
547 silly gunzTarPerm modified mode [ '.travis.yml', 436, 438 ]
548 silly gunzTarPerm extractEntry yarn.lock
549 silly gunzTarPerm modified mode [ 'yarn.lock', 436, 438 ]
550 silly gentlyRm D:\xampp\htdocs\game\game-client\node_modules\.staging\webworker-threads-94e1e285\node_modules is being purged
551 verbose gentlyRm don't care about contents; nuking D:\xampp\htdocs\game\game-client\node_modules\.staging\webworker-threads-94e1e285\node_modules
552 silly doParallel preinstall 3
553 silly preinstall bindings@1.2.1 D:\xampp\htdocs\game\game-client\node_modules\.staging\bindings-b162c875
554 info lifecycle bindings@1.2.1~preinstall: bindings@1.2.1
555 silly preinstall nan@2.6.2 D:\xampp\htdocs\game\game-client\node_modules\.staging\nan-84605984
556 info lifecycle nan@2.6.2~preinstall: nan@2.6.2
557 silly preinstall webworker-threads@0.7.11 D:\xampp\htdocs\game\game-client\node_modules\.staging\webworker-threads-94e1e285
558 info lifecycle webworker-threads@0.7.11~preinstall: webworker-threads@0.7.11
559 silly lifecycle bindings@1.2.1~preinstall: no script for preinstall, continuing
560 silly lifecycle nan@2.6.2~preinstall: no script for preinstall, continuing
561 silly lifecycle webworker-threads@0.7.11~preinstall: no script for preinstall, continuing
562 silly doReverseSerial remove 0
563 silly doSerial move 0
564 silly doSerial finalize 3
565 silly finalize D:\xampp\htdocs\game\game-client\node_modules\bindings
566 silly finalize D:\xampp\htdocs\game\game-client\node_modules\nan
567 silly finalize D:\xampp\htdocs\game\game-client\node_modules\webworker-threads
568 silly doSerial build 3
569 silly build bindings@1.2.1
570 info linkStuff bindings@1.2.1
571 silly linkStuff bindings@1.2.1 has D:\xampp\htdocs\game\game-client\node_modules as its parent node_modules
572 verbose linkBins bindings@1.2.1
573 verbose linkMans bindings@1.2.1
574 silly build nan@2.6.2
575 info linkStuff nan@2.6.2
576 silly linkStuff nan@2.6.2 has D:\xampp\htdocs\game\game-client\node_modules as its parent node_modules
577 verbose linkBins nan@2.6.2
578 verbose linkMans nan@2.6.2
579 silly build webworker-threads@0.7.11
580 info linkStuff webworker-threads@0.7.11
581 silly linkStuff webworker-threads@0.7.11 has D:\xampp\htdocs\game\game-client\node_modules as its parent node_modules
582 verbose linkBins webworker-threads@0.7.11
583 verbose linkMans webworker-threads@0.7.11
584 silly doSerial global-link 0
585 silly doParallel update-linked 0
586 silly doSerial install 3
587 silly install bindings@1.2.1 D:\xampp\htdocs\game\game-client\node_modules\.staging\bindings-b162c875
588 info lifecycle bindings@1.2.1~install: bindings@1.2.1
589 silly lifecycle bindings@1.2.1~install: no script for install, continuing
590 silly install nan@2.6.2 D:\xampp\htdocs\game\game-client\node_modules\.staging\nan-84605984
591 info lifecycle nan@2.6.2~install: nan@2.6.2
592 silly lifecycle nan@2.6.2~install: no script for install, continuing
593 silly install webworker-threads@0.7.11 D:\xampp\htdocs\game\game-client\node_modules\.staging\webworker-threads-94e1e285
594 info lifecycle webworker-threads@0.7.11~install: webworker-threads@0.7.11
595 verbose lifecycle webworker-threads@0.7.11~install: unsafe-perm in lifecycle true
596 verbose lifecycle webworker-threads@0.7.11~install: PATH: D:\Program Files\nodejs\node_modules\npm\bin\node-gyp-bin;D:\xampp\htdocs\game\game-client\node_modules\webworker-threads\node_modules\.bin;D:\xampp\htdocs\game\game-client\node_modules\.bin;C:\ProgramData\Oracle\Java\javapath;C:\Windows\system32;C:\Windows;C:\Windows\System32\Wbem;C:\Windows\System32\WindowsPowerShell\v1.0\;C:\Program Files (x86)\NVIDIA Corporation\PhysX\Common;D:\Program Files\nodejs\;C:\Program Files\Git\cmd;C:\WINDOWS\system32;C:\WINDOWS;C:\WINDOWS\System32\Wbem;C:\WINDOWS\System32\WindowsPowerShell\v1.0\;C:\Users\kanga\AppData\Local\Microsoft\WindowsApps;;D:\Program Files (x86)\Microsoft VS Code\bin;C:\Users\kanga\AppData\Roaming\npm
597 verbose lifecycle webworker-threads@0.7.11~install: CWD: D:\xampp\htdocs\game\game-client\node_modules\webworker-threads
598 silly lifecycle webworker-threads@0.7.11~install: Args: [ '/d /s /c', 'node-gyp rebuild' ]
599 silly lifecycle webworker-threads@0.7.11~install: Returned: code: 1  signal: null
600 info lifecycle webworker-threads@0.7.11~install: Failed to exec install script
601 verbose unlock done using C:\Users\kanga\AppData\Roaming\npm-cache\_locks\staging-fac80e5561914ad1.lock for D:\xampp\htdocs\game\game-client\node_modules\.staging
602 silly rollbackFailedOptional Starting
603 silly rollbackFailedOptional Finishing
604 silly runTopLevelLifecycles Finishing
605 silly install printInstalled
606 warn optional SKIPPING OPTIONAL DEPENDENCY: fsevents@^1.0.0 (node_modules\chokidar\node_modules\fsevents):
607 warn notsup SKIPPING OPTIONAL DEPENDENCY: Unsupported platform for fsevents@1.1.1: wanted {"os":"darwin","arch":"any"} (current: {"os":"win32","arch":"x64"})
608 verbose notsup SKIPPING OPTIONAL DEPENDENCY: Valid OS:    darwin
608 verbose notsup SKIPPING OPTIONAL DEPENDENCY: Valid Arch:  any
608 verbose notsup SKIPPING OPTIONAL DEPENDENCY: Actual OS:   win32
608 verbose notsup SKIPPING OPTIONAL DEPENDENCY: Actual Arch: x64
609 warn my-game@1.0.0 No description
610 verbose If you need help, you may report this error at:
610 verbose     <https://github.com/npm/npm/issues>
611 warn my-game@1.0.0 No repository field.
612 verbose If you need help, you may report this error at:
612 verbose     <https://github.com/npm/npm/issues>
613 verbose stack Error: webworker-threads@0.7.11 install: `node-gyp rebuild`
613 verbose stack Exit status 1
613 verbose stack     at EventEmitter.<anonymous> (D:\Program Files\nodejs\node_modules\npm\lib\utils\lifecycle.js:255:16)
613 verbose stack     at emitTwo (events.js:106:13)
613 verbose stack     at EventEmitter.emit (events.js:191:7)
613 verbose stack     at ChildProcess.<anonymous> (D:\Program Files\nodejs\node_modules\npm\lib\utils\spawn.js:40:14)
613 verbose stack     at emitTwo (events.js:106:13)
613 verbose stack     at ChildProcess.emit (events.js:191:7)
613 verbose stack     at maybeClose (internal/child_process.js:886:16)
613 verbose stack     at Process.ChildProcess._handle.onexit (internal/child_process.js:226:5)
614 verbose pkgid webworker-threads@0.7.11
615 verbose cwd D:\xampp\htdocs\game\game-client
616 error Windows_NT 10.0.15063
617 error argv "D:\\Program Files\\nodejs\\node.exe" "D:\\Program Files\\nodejs\\node_modules\\npm\\bin\\npm-cli.js" "install" "--save-dev" "webworker-threads"
618 error node v6.10.2
619 error npm  v3.10.10
620 error code ELIFECYCLE
621 error webworker-threads@0.7.11 install: `node-gyp rebuild`
621 error Exit status 1
622 error Failed at the webworker-threads@0.7.11 install script 'node-gyp rebuild'.
622 error Make sure you have the latest version of node.js and npm installed.
622 error If you do, this is most likely a problem with the webworker-threads package,
622 error not with npm itself.
622 error Tell the author that this fails on your system:
622 error     node-gyp rebuild
622 error You can get information on how to open an issue for this project with:
622 error     npm bugs webworker-threads
622 error Or if that isn't available, you can get their info via:
622 error     npm owner ls webworker-threads
622 error There is likely additional logging output above.
623 verbose exit [ 1, true ]
